<?xml version="1.0" encoding="UTF-8"?>
<!-- Generated by org.testng.reporters.JUnitReportReporter -->
<testsuite hostname="DESKTOP-P9BPUMB" failures="0" tests="1" name="tests.AddingEmployeeTest" time="44.128" errors="0" timestamp="08 Jun 2021 02:40:53 GMT" skipped="0">
  <testcase classname="tests.AddingEmployeeTest" name="addingEmployeeCheck" time="44.128"/>
</testsuite> <!-- tests.AddingEmployeeTest -->
