<?xml version="1.0" encoding="UTF-8"?>
<!-- Generated by org.testng.reporters.JUnitReportReporter -->
<testsuite hostname="DESKTOP-P9BPUMB" failures="0" tests="1" name="tests.TestCompanyPage" time="18.922" errors="0" timestamp="05 Jun 2021 06:21:14 GMT" skipped="0">
  <testcase classname="tests.TestCompanyPage" name="cardChecking" time="18.922"/>
</testsuite> <!-- tests.TestCompanyPage -->
