<?xml version="1.0" encoding="UTF-8"?>
<!-- Generated by org.testng.reporters.JUnitReportReporter -->
<testsuite hostname="DESKTOP-P9BPUMB" failures="0" tests="1" name="tests.PictureTest" time="42.554" errors="0" timestamp="09 Jun 2021 03:17:15 GMT" skipped="0">
  <testcase classname="tests.PictureTest" name="pictureCheck" time="42.554"/>
</testsuite> <!-- tests.PictureTest -->
