<?xml version="1.0" encoding="UTF-8"?>
<!-- Generated by org.testng.reporters.JUnitReportReporter -->
<testsuite hostname="DESKTOP-P9BPUMB" failures="0" tests="1" name="tests.AddingFiveTest" time="51.406" errors="0" timestamp="08 Jun 2021 04:44:46 GMT" skipped="0">
  <testcase classname="tests.AddingFiveTest" name="checkAddingFive" time="51.406"/>
</testsuite> <!-- tests.AddingFiveTest -->
