<?xml version="1.0" encoding="UTF-8"?>
<!-- Generated by org.testng.reporters.JUnitReportReporter -->
<testsuite hostname="DESKTOP-P9BPUMB" failures="0" tests="10" name="tests.TestCompany" time="218.021" errors="0" timestamp="05 Jun 2021 22:56:27 GMT" skipped="0">
  <testcase classname="tests.TestCompany" name="checkDashboard" time="20.743"/>
  <testcase classname="tests.TestCompany" name="checkPlaning" time="20.594"/>
  <testcase classname="tests.TestCompany" name="checkTimeClock" time="19.503"/>
  <testcase classname="tests.TestCompany" name="checkLeave" time="20.990"/>
  <testcase classname="tests.TestCompany" name="checkTraining" time="21.034"/>
  <testcase classname="tests.TestCompany" name="checkStaff" time="20.125"/>
  <testcase classname="tests.TestCompany" name="checkPayroll" time="22.096"/>
  <testcase classname="tests.TestCompany" name="checkReports" time="23.014"/>
  <testcase classname="tests.TestCompany" name="checkSettings" time="25.237"/>
  <testcase classname="tests.TestCompany" name="checkAviability" time="24.685"/>
</testsuite> <!-- tests.TestCompany -->
