<?xml version="1.0" encoding="UTF-8"?>
<!-- Generated by org.testng.reporters.JUnitReportReporter -->
<testsuite hostname="DESKTOP-P9BPUMB" failures="0" tests="2" name="tests.TestLogIn" time="33.389" errors="0" timestamp="04 Jun 2021 17:54:06 GMT" skipped="0">
  <testcase classname="tests.TestLogIn" name="logingIn" time="18.733"/>
  <testcase classname="tests.TestLogIn" name="aboutUs" time="14.656"/>
</testsuite> <!-- tests.TestLogIn -->
